This file contains any messages produced by compilers while
running configure, to aid debugging if configure makes a mistake.

It was created by GLPK configure 4.35, which was
generated by GNU Autoconf 2.61.  Invocation command line was

  $ ./configure 

## --------- ##
## Platform. ##
## --------- ##

hostname = Taz-2.local
uname -m = x86_64
uname -r = 17.7.0
uname -s = Darwin
uname -v = Darwin Kernel Version 17.7.0: Fri Oct 30 13:34:27 PDT 2020; root:xnu-4570.71.82.8~1/RELEASE_X86_64

/usr/bin/uname -p = i386
/bin/uname -X     = unknown

/bin/arch              = unknown
/usr/bin/arch -k       = unknown
/usr/convex/getsysinfo = unknown
/usr/bin/hostinfo      = Mach kernel version:
	 Darwin Kernel Version 17.7.0: Fri Oct 30 13:34:27 PDT 2020; root:xnu-4570.71.82.8~1/RELEASE_X86_64
Kernel configured for up to 8 processors.
4 processors are physically available.
8 processors are logically available.
Processor type: i486 (Intel 80486)
Processors active: 0 1 2 3 4 5 6 7
Primary memory available: 16.00 gigabytes
Default processor set: 411 tasks, 2316 threads, 8 processors
Load average: 2.26, Mach factor: 5.73
/bin/machine           = unknown
/usr/bin/oslevel       = unknown
/bin/universe          = unknown

PATH: /usr/local/bin
PATH: /usr/bin
PATH: /bin
PATH: /usr/sbin
PATH: /sbin
PATH: /usr/local/share/dotnet
PATH: /opt/X11/bin
PATH: ~/.dotnet/tools
PATH: /Library/Frameworks/Mono.framework/Versions/Current/Commands
PATH: /Applications/Xamarin Workbooks.app/Contents/SharedSupport/path-bin
PATH: /Users/Rachel/dotfiles/scripts
PATH: /Users/Rachel/dotfiles/scripts


## ----------- ##
## Core tests. ##
## ----------- ##

configure:1961: checking for a BSD-compatible install
configure:2017: result: /usr/bin/install -c
configure:2028: checking whether build environment is sane
configure:2071: result: yes
configure:2099: checking for a thread-safe mkdir -p
configure:2138: result: ./install-sh -c -d
configure:2151: checking for gawk
configure:2181: result: no
configure:2151: checking for mawk
configure:2181: result: no
configure:2151: checking for nawk
configure:2181: result: no
configure:2151: checking for awk
configure:2167: found /usr/bin/awk
configure:2178: result: awk
configure:2189: checking whether make sets $(MAKE)
configure:2210: result: yes
configure:2520: checking for gcc
configure:2536: found /usr/bin/gcc
configure:2547: result: gcc
configure:2785: checking for C compiler version
configure:2792: gcc --version >&5
Configured with: --prefix=/Applications/Xcode.app/Contents/Developer/usr --with-gxx-include-dir=/usr/include/c++/4.2.1
Apple LLVM version 9.1.0 (clang-902.0.39.2)
Target: x86_64-apple-darwin17.7.0
Thread model: posix
InstalledDir: /Applications/Xcode.app/Contents/Developer/Toolchains/XcodeDefault.xctoolchain/usr/bin
configure:2795: $? = 0
configure:2802: gcc -v >&5
Configured with: --prefix=/Applications/Xcode.app/Contents/Developer/usr --with-gxx-include-dir=/usr/include/c++/4.2.1
Apple LLVM version 9.1.0 (clang-902.0.39.2)
Target: x86_64-apple-darwin17.7.0
Thread model: posix
InstalledDir: /Applications/Xcode.app/Contents/Developer/Toolchains/XcodeDefault.xctoolchain/usr/bin
configure:2805: $? = 0
configure:2812: gcc -V >&5
clang: error: argument to '-V' is missing (expected 1 value)
clang: error: no input files
configure:2815: $? = 1
configure:2838: checking for C compiler default output file name
configure:2865: gcc    conftest.c  >&5
configure:2868: $? = 0
configure:2906: result: a.out
configure:2923: checking whether the C compiler works
configure:2933: ./a.out
configure:2936: $? = 0
configure:2953: result: yes
configure:2960: checking whether we are cross compiling
configure:2962: result: no
configure:2965: checking for suffix of executables
configure:2972: gcc -o conftest    conftest.c  >&5
configure:2975: $? = 0
configure:2999: result: 
configure:3005: checking for suffix of object files
configure:3031: gcc -c   conftest.c >&5
configure:3034: $? = 0
configure:3057: result: o
configure:3061: checking whether we are using the GNU C compiler
configure:3090: gcc -c   conftest.c >&5
configure:3096: $? = 0
configure:3113: result: yes
configure:3118: checking whether gcc accepts -g
configure:3148: gcc -c -g  conftest.c >&5
configure:3154: $? = 0
configure:3253: result: yes
configure:3270: checking for gcc option to accept ISO C89
configure:3344: gcc  -c -g -O2  conftest.c >&5
configure:3350: $? = 0
configure:3373: result: none needed
configure:3402: checking for style of include used by make
configure:3430: result: GNU
configure:3455: checking dependency style of gcc
configure:3546: result: gcc3
configure:3574: checking for a BSD-compatible install
configure:3630: result: /usr/bin/install -c
configure:3719: checking build system type
configure:3737: result: i386-apple-darwin17.7.0
configure:3759: checking host system type
configure:3774: result: i386-apple-darwin17.7.0
configure:3796: checking for a sed that does not truncate output
configure:3852: result: /usr/bin/sed
configure:3855: checking for grep that handles long lines and -e
configure:3929: result: /usr/bin/grep
configure:3934: checking for egrep
configure:4012: result: /usr/bin/grep -E
configure:4028: checking for ld used by gcc
configure:4095: result: /Applications/Xcode.app/Contents/Developer/Toolchains/XcodeDefault.xctoolchain/usr/bin/ld
configure:4104: checking if the linker (/Applications/Xcode.app/Contents/Developer/Toolchains/XcodeDefault.xctoolchain/usr/bin/ld) is GNU ld
configure:4119: result: no
configure:4124: checking for /Applications/Xcode.app/Contents/Developer/Toolchains/XcodeDefault.xctoolchain/usr/bin/ld option to reload object files
configure:4131: result: -r
configure:4149: checking for BSD-compatible nm
configure:4198: result: /usr/bin/nm -B
configure:4202: checking whether ln -s works
configure:4206: result: yes
configure:4213: checking how to recognize dependent libraries
configure:4399: result: pass_all
configure:4640: checking how to run the C preprocessor
configure:4680: gcc -E  conftest.c
configure:4686: $? = 0
configure:4717: gcc -E  conftest.c
conftest.c:10:10: fatal error: 'ac_nonexistent.h' file not found
#include <ac_nonexistent.h>
         ^~~~~~~~~~~~~~~~~~
1 error generated.
configure:4723: $? = 1
configure: failed program was:
| /* confdefs.h.  */
| #define PACKAGE_NAME "GLPK"
| #define PACKAGE_TARNAME "glpk"
| #define PACKAGE_VERSION "4.35"
| #define PACKAGE_STRING "GLPK 4.35"
| #define PACKAGE_BUGREPORT "bug-glpk@gnu.org"
| #define PACKAGE "glpk"
| #define VERSION "4.35"
| /* end confdefs.h.  */
| #include <ac_nonexistent.h>
configure:4756: result: gcc -E
configure:4785: gcc -E  conftest.c
configure:4791: $? = 0
configure:4822: gcc -E  conftest.c
conftest.c:10:10: fatal error: 'ac_nonexistent.h' file not found
#include <ac_nonexistent.h>
         ^~~~~~~~~~~~~~~~~~
1 error generated.
configure:4828: $? = 1
configure: failed program was:
| /* confdefs.h.  */
| #define PACKAGE_NAME "GLPK"
| #define PACKAGE_TARNAME "glpk"
| #define PACKAGE_VERSION "4.35"
| #define PACKAGE_STRING "GLPK 4.35"
| #define PACKAGE_BUGREPORT "bug-glpk@gnu.org"
| #define PACKAGE "glpk"
| #define VERSION "4.35"
| /* end confdefs.h.  */
| #include <ac_nonexistent.h>
configure:4866: checking for ANSI C header files
configure:4896: gcc -c -g -O2  conftest.c >&5
configure:4902: $? = 0
configure:5001: gcc -o conftest -g -O2   conftest.c  >&5
configure:5004: $? = 0
configure:5010: ./conftest
configure:5013: $? = 0
configure:5030: result: yes
configure:5054: checking for sys/types.h
configure:5075: gcc -c -g -O2  conftest.c >&5
configure:5081: $? = 0
configure:5097: result: yes
configure:5054: checking for sys/stat.h
configure:5075: gcc -c -g -O2  conftest.c >&5
configure:5081: $? = 0
configure:5097: result: yes
configure:5054: checking for stdlib.h
configure:5075: gcc -c -g -O2  conftest.c >&5
configure:5081: $? = 0
configure:5097: result: yes
configure:5054: checking for string.h
configure:5075: gcc -c -g -O2  conftest.c >&5
configure:5081: $? = 0
configure:5097: result: yes
configure:5054: checking for memory.h
configure:5075: gcc -c -g -O2  conftest.c >&5
configure:5081: $? = 0
configure:5097: result: yes
configure:5054: checking for strings.h
configure:5075: gcc -c -g -O2  conftest.c >&5
configure:5081: $? = 0
configure:5097: result: yes
configure:5054: checking for inttypes.h
configure:5075: gcc -c -g -O2  conftest.c >&5
configure:5081: $? = 0
configure:5097: result: yes
configure:5054: checking for stdint.h
configure:5075: gcc -c -g -O2  conftest.c >&5
configure:5081: $? = 0
configure:5097: result: yes
configure:5054: checking for unistd.h
configure:5075: gcc -c -g -O2  conftest.c >&5
configure:5081: $? = 0
configure:5097: result: yes
configure:5124: checking dlfcn.h usability
configure:5141: gcc -c -g -O2  conftest.c >&5
configure:5147: $? = 0
configure:5161: result: yes
configure:5165: checking dlfcn.h presence
configure:5180: gcc -E  conftest.c
configure:5186: $? = 0
configure:5200: result: yes
configure:5233: checking for dlfcn.h
configure:5241: result: yes
configure:5258: checking the maximum length of command line arguments
configure:5367: result: 196608
configure:5378: checking command to parse /usr/bin/nm -B output from gcc object
configure:5483: gcc -c -g -O2  conftest.c >&5
configure:5486: $? = 0
configure:5490: /usr/bin/nm -B conftest.o \| sed -n -e 's/^.*[ 	]\([BCDEGRST][BCDEGRST]*\)[ 	][ 	]*\([_A-Za-z][_A-Za-z0-9]*\)$/\1 \2 \2/p' \> conftest.nm
configure:5493: $? = 0
cannot find nm_test_var in conftest.nm
configure:5483: gcc -c -g -O2  conftest.c >&5
configure:5486: $? = 0
configure:5490: /usr/bin/nm -B conftest.o \| sed -n -e 's/^.*[ 	]\([BCDEGRST][BCDEGRST]*\)[ 	][ 	]*_\([_A-Za-z][_A-Za-z0-9]*\)$/\1 _\2 \2/p' \> conftest.nm
configure:5493: $? = 0
configure:5545: gcc -o conftest -g -O2   conftest.c conftstm.o >&5
warning: (x86_64)  could not find object file symbol for symbol _main
configure:5548: $? = 0
configure:5586: result: ok
configure:5590: checking for objdir
configure:5605: result: .libs
configure:5697: checking for ar
configure:5713: found /usr/bin/ar
configure:5724: result: ar
configure:5793: checking for ranlib
configure:5809: found /usr/bin/ranlib
configure:5820: result: ranlib
configure:5889: checking for strip
configure:5905: found /usr/bin/strip
configure:5916: result: strip
configure:6202: checking if gcc supports -fno-rtti -fno-exceptions
configure:6220: gcc -c -g -O2  -fno-rtti -fno-exceptions conftest.c >&5
configure:6224: $? = 0
configure:6237: result: yes
configure:6252: checking for gcc option to produce PIC
configure:6484: result: -fno-common
configure:6492: checking if gcc PIC flag -fno-common works
configure:6510: gcc -c -g -O2  -fno-common -DPIC conftest.c >&5
configure:6514: $? = 0
configure:6527: result: yes
configure:6555: checking if gcc static flag -static works
configure:6583: result: no
configure:6593: checking if gcc supports -c -o file.o
configure:6614: gcc -c -g -O2  -o out/conftest2.o conftest.c >&5
configure:6618: $? = 0
configure:6640: result: yes
configure:6666: checking whether the gcc linker (/Applications/Xcode.app/Contents/Developer/Toolchains/XcodeDefault.xctoolchain/usr/bin/ld) supports shared libraries
configure:7642: result: yes
configure:7709: checking dynamic linker characteristics
configure:8277: result: darwin17.7.0 dyld
configure:8286: checking how to hardcode library paths into programs
configure:8311: result: immediate
configure:8325: checking whether stripping libraries is possible
configure:8338: result: yes
configure:9131: checking if libtool supports shared libraries
configure:9133: result: yes
configure:9136: checking whether to build shared libraries
configure:9157: result: yes
configure:9160: checking whether to build static libraries
configure:9164: result: yes
configure:9256: creating libtool
configure:10261: checking for sqrt in -lm
configure:10296: gcc -o conftest -g -O2   conftest.c -lm   >&5
conftest.c:28:6: warning: incompatible redeclaration of library function 'sqrt' [-Wincompatible-library-redeclaration]
char sqrt ();
     ^
conftest.c:28:6: note: 'sqrt' is a builtin with type 'double (double)'
1 warning generated.
configure:10302: $? = 0
configure:10320: result: yes
configure:10336: checking for vsnprintf
configure:10392: gcc -o conftest -g -O2   conftest.c -lm  >&5
conftest.c:45:6: warning: incompatible redeclaration of library function 'vsnprintf' [-Wincompatible-library-redeclaration]
char vsnprintf ();
     ^
conftest.c:45:6: note: 'vsnprintf' is a builtin with type 'int (char *, unsigned long, const char *, struct __va_list_tag *)'
1 warning generated.
configure:10398: $? = 0
configure:10416: result: yes
configure:10427: checking whether to use GNU MP bignum library
configure:10438: result: no
configure:10442: checking whether to use zlib data compression library
configure:10453: result: no
configure:10457: checking whether to enable shared library support
configure:10483: result: no
configure:10487: checking whether to enable MathProg ODBC support
configure:10514: result: no
configure:10518: checking whether to enable MathProg MySQL support
configure:10534: result: no
configure:10654: creating ./config.status

## ---------------------- ##
## Running config.status. ##
## ---------------------- ##

This file was extended by GLPK config.status 4.35, which was
generated by GNU Autoconf 2.61.  Invocation command line was

  CONFIG_FILES    = 
  CONFIG_HEADERS  = 
  CONFIG_LINKS    = 
  CONFIG_COMMANDS = 
  $ ./config.status 

on Taz-2.local

config.status:652: creating include/Makefile
config.status:652: creating src/Makefile
config.status:652: creating examples/Makefile
config.status:652: creating Makefile
config.status:652: creating config.h
config.status:927: executing depfiles commands

## ---------------- ##
## Cache variables. ##
## ---------------- ##

ac_cv_build=i386-apple-darwin17.7.0
ac_cv_c_compiler_gnu=yes
ac_cv_env_CC_set=
ac_cv_env_CC_value=
ac_cv_env_CFLAGS_set=
ac_cv_env_CFLAGS_value=
ac_cv_env_CPPFLAGS_set=
ac_cv_env_CPPFLAGS_value=
ac_cv_env_CPP_set=
ac_cv_env_CPP_value=
ac_cv_env_LDFLAGS_set=
ac_cv_env_LDFLAGS_value=
ac_cv_env_LIBS_set=
ac_cv_env_LIBS_value=
ac_cv_env_build_alias_set=
ac_cv_env_build_alias_value=
ac_cv_env_host_alias_set=
ac_cv_env_host_alias_value=
ac_cv_env_target_alias_set=
ac_cv_env_target_alias_value=
ac_cv_func_vsnprintf=yes
ac_cv_header_dlfcn_h=yes
ac_cv_header_inttypes_h=yes
ac_cv_header_memory_h=yes
ac_cv_header_stdc=yes
ac_cv_header_stdint_h=yes
ac_cv_header_stdlib_h=yes
ac_cv_header_string_h=yes
ac_cv_header_strings_h=yes
ac_cv_header_sys_stat_h=yes
ac_cv_header_sys_types_h=yes
ac_cv_header_unistd_h=yes
ac_cv_host=i386-apple-darwin17.7.0
ac_cv_lib_m_sqrt=yes
ac_cv_objext=o
ac_cv_path_EGREP='/usr/bin/grep -E'
ac_cv_path_GREP=/usr/bin/grep
ac_cv_path_install='/usr/bin/install -c'
ac_cv_prog_AWK=awk
ac_cv_prog_CPP='gcc -E'
ac_cv_prog_ac_ct_AR=ar
ac_cv_prog_ac_ct_CC=gcc
ac_cv_prog_ac_ct_RANLIB=ranlib
ac_cv_prog_ac_ct_STRIP=strip
ac_cv_prog_cc_c89=
ac_cv_prog_cc_g=yes
ac_cv_prog_make_make_set=yes
am_cv_CC_dependencies_compiler_type=gcc3
lt_cv_deplibs_check_method=pass_all
lt_cv_file_magic_cmd='$MAGIC_CMD'
lt_cv_file_magic_test_file=
lt_cv_ld_reload_flag=-r
lt_cv_objdir=.libs
lt_cv_path_LD=/Applications/Xcode.app/Contents/Developer/Toolchains/XcodeDefault.xctoolchain/usr/bin/ld
lt_cv_path_NM='/usr/bin/nm -B'
lt_cv_path_SED=/usr/bin/sed
lt_cv_prog_compiler_c_o=yes
lt_cv_prog_compiler_rtti_exceptions=yes
lt_cv_prog_gnu_ld=no
lt_cv_sys_global_symbol_pipe='sed -n -e '\''s/^.*[ 	]\([BCDEGRST][BCDEGRST]*\)[ 	][ 	]*_\([_A-Za-z][_A-Za-z0-9]*\)$/\1 _\2 \2/p'\'''
lt_cv_sys_global_symbol_to_c_name_address='sed -n -e '\''s/^: \([^ ]*\) $/  {\"\1\", (lt_ptr) 0},/p'\'' -e '\''s/^[BCDEGRST] \([^ ]*\) \([^ ]*\)$/  {"\2", (lt_ptr) \&\2},/p'\'''
lt_cv_sys_global_symbol_to_cdecl='sed -n -e '\''s/^. .* \(.*\)$/extern int \1;/p'\'''
lt_cv_sys_max_cmd_len=196608
lt_lt_cv_prog_compiler_c_o='"yes"'
lt_lt_cv_sys_global_symbol_pipe='"sed -n -e '\''s/^.*[ 	]\\([BCDEGRST][BCDEGRST]*\\)[ 	][ 	]*_\\([_A-Za-z][_A-Za-z0-9]*\\)\$/\\1 _\\2 \\2/p'\''"'
lt_lt_cv_sys_global_symbol_to_c_name_address='"sed -n -e '\''s/^: \\([^ ]*\\) \$/  {\\\"\\1\\\", (lt_ptr) 0},/p'\'' -e '\''s/^[BCDEGRST] \\([^ ]*\\) \\([^ ]*\\)\$/  {\"\\2\", (lt_ptr) \\&\\2},/p'\''"'
lt_lt_cv_sys_global_symbol_to_cdecl='"sed -n -e '\''s/^. .* \\(.*\\)\$/extern int \\1;/p'\''"'

## ----------------- ##
## Output variables. ##
## ----------------- ##

ACLOCAL='${SHELL} /Volumes/Data/Users/Rachel/Documents/School/GradSchool/Spring2021/CAD/shared/project/src/glpk/glpk-4.35/missing --run aclocal-1.10'
AMDEPBACKSLASH='\'
AMDEP_FALSE='#'
AMDEP_TRUE=''
AMTAR='${SHELL} /Volumes/Data/Users/Rachel/Documents/School/GradSchool/Spring2021/CAD/shared/project/src/glpk/glpk-4.35/missing --run tar'
AR='ar'
AUTOCONF='${SHELL} /Volumes/Data/Users/Rachel/Documents/School/GradSchool/Spring2021/CAD/shared/project/src/glpk/glpk-4.35/missing --run autoconf'
AUTOHEADER='${SHELL} /Volumes/Data/Users/Rachel/Documents/School/GradSchool/Spring2021/CAD/shared/project/src/glpk/glpk-4.35/missing --run autoheader'
AUTOMAKE='${SHELL} /Volumes/Data/Users/Rachel/Documents/School/GradSchool/Spring2021/CAD/shared/project/src/glpk/glpk-4.35/missing --run automake-1.10'
AWK='awk'
CC='gcc'
CCDEPMODE='depmode=gcc3'
CFLAGS='-g -O2'
CPP='gcc -E'
CPPFLAGS=''
CYGPATH_W='echo'
DEFS='-DHAVE_CONFIG_H'
DEPDIR='.deps'
ECHO='/bin/echo'
ECHO_C='ECHO_N=''
ECHO_T=''
EGREP='/usr/bin/grep -E'
EXEEXT=''
GREP='/usr/bin/grep'
INSTALL_DATA='${INSTALL} -m 644'
INSTALL_PROGRAM='${INSTALL}'
INSTALL_SCRIPT='${INSTALL}'
INSTALL_STRIP_PROGRAM='$(install_sh) -c -s'
LDFLAGS=''
LIBOBJS=''
LIBS='-lm '
LIBTOOL='$(SHELL) $(top_builddir)/libtool'
LN_S='ln -s'
LTLIBOBJS=''
MAKEINFO='${SHELL} /Volumes/Data/Users/Rachel/Documents/School/GradSchool/Spring2021/CAD/shared/project/src/glpk/glpk-4.35/missing --run makeinfo'
OBJEXT='o'
PACKAGE='glpk'
PACKAGE_BUGREPORT='bug-glpk@gnu.org'
PACKAGE_NAME='GLPK'
PACKAGE_STRING='GLPK 4.35'
PACKAGE_TARNAME='glpk'
PACKAGE_VERSION='4.35'
PATH_SEPARATOR=':'
RANLIB='ranlib'
SED='/usr/bin/sed'
SET_MAKE=''
SHELL='/bin/sh'
STRIP='strip'
VERSION='4.35'
ac_ct_CC='gcc'
am__fastdepCC_FALSE='#'
am__fastdepCC_TRUE=''
am__include='include'
am__isrc=''
am__leading_dot='.'
am__quote=''
am__tar='${AMTAR} chof - "$$tardir"'
am__untar='${AMTAR} xf -'
bindir='${exec_prefix}/bin'
build='i386-apple-darwin17.7.0'
build_alias=''
build_cpu='i386'
build_os='darwin17.7.0'
build_vendor='apple'
datadir='${datarootdir}'
datarootdir='${prefix}/share'
docdir='${datarootdir}/doc/${PACKAGE_TARNAME}'
dvidir='${docdir}'
exec_prefix='${prefix}'
host='i386-apple-darwin17.7.0'
host_alias=''
host_cpu='i386'
host_os='darwin17.7.0'
host_vendor='apple'
htmldir='${docdir}'
includedir='${prefix}/include'
infodir='${datarootdir}/info'
install_sh='$(SHELL) /Volumes/Data/Users/Rachel/Documents/School/GradSchool/Spring2021/CAD/shared/project/src/glpk/glpk-4.35/install-sh'
libdir='${exec_prefix}/lib'
libexecdir='${exec_prefix}/libexec'
localedir='${datarootdir}/locale'
localstatedir='${prefix}/var'
mandir='${datarootdir}/man'
mkdir_p='$(top_builddir)/./install-sh -c -d'
oldincludedir='/usr/include'
pdfdir='${docdir}'
prefix='/usr/local'
program_transform_name='s,x,x,'
psdir='${docdir}'
sbindir='${exec_prefix}/sbin'
sharedstatedir='${prefix}/com'
sysconfdir='${prefix}/etc'
target_alias=''

## ----------- ##
## confdefs.h. ##
## ----------- ##

#define PACKAGE_NAME "GLPK"
#define PACKAGE_TARNAME "glpk"
#define PACKAGE_VERSION "4.35"
#define PACKAGE_STRING "GLPK 4.35"
#define PACKAGE_BUGREPORT "bug-glpk@gnu.org"
#define PACKAGE "glpk"
#define VERSION "4.35"
#define STDC_HEADERS 1
#define HAVE_SYS_TYPES_H 1
#define HAVE_SYS_STAT_H 1
#define HAVE_STDLIB_H 1
#define HAVE_STRING_H 1
#define HAVE_MEMORY_H 1
#define HAVE_STRINGS_H 1
#define HAVE_INTTYPES_H 1
#define HAVE_STDINT_H 1
#define HAVE_UNISTD_H 1
#define HAVE_DLFCN_H 1
#define HAVE_LIBM 1
#define HAVE_VSNPRINTF 1

configure: exit 0
